Assembler report for finalproject
Thu May 02 16:01:25 2019
Quartus Prime Version 18.0.0 Build 614 04/24/2018 SJ Lite Edition


---------------------
; Table of Contents ;
---------------------
  1. Legal Notice
  2. Assembler Summary
  3. Assembler Settings
  4. Assembler Generated Files
  5. Assembler Messages



----------------
; Legal Notice ;
----------------
Copyright (C) 2018  Intel Corporation. All rights reserved.
Your use of Intel Corporation's design tools, logic functions 
and other software and tools, and its AMPP partner logic 
functions, and any output files from any of the foregoing 
(including device programming or simulation files), and any 
associated documentation or information are expressly subject 
to the terms and conditions of the Intel Program License 
Subscription Agreement, the Intel Quartus Prime License Agreement,
the Intel FPGA IP License Agreement, or other applicable license
agreement, including, without limitation, that your use is for
the sole purpose of programming logic devices manufactured by
Intel and sold by Intel or its authorized distributors.  Please
refer to the applicable agreement for further details.



+-----------------------------------------------------------+
; Assembler Summary                                         ;
+-----------------------+-----------------------------------+
; Assembler Status      ; Failed - Thu May 02 16:01:25 2019 ;
; Revision Name         ; finalproject                      ;
; Top-level Entity Name ; toplevel                          ;
; Family                ; Cyclone IV E                      ;
; Device                ; EP4CE115F29C7                     ;
+-----------------------+-----------------------------------+


+----------------------------------+
; Assembler Settings               ;
+--------+---------+---------------+
; Option ; Setting ; Default Value ;
+--------+---------+---------------+


+---------------------------+
; Assembler Generated Files ;
+---------------------------+
; File Name                 ;
+---------------------------+


+--------------------+
; Assembler Messages ;
+--------------------+
Info: *******************************************************************
Info: Running Quartus Prime Assembler
    Info: Version 18.0.0 Build 614 04/24/2018 SJ Lite Edition
    Info: Processing started: Thu May 02 16:01:18 2019
Info: Command: quartus_asm --read_settings_files=off --write_settings_files=off finalproject -c finalproject
Warning (18236): Number of processors has not been specified which may cause overloading on shared machines.  Set the global assignment NUM_PARALLEL_PROCESSORS in your QSF to an appropriate value for best performance.
Info (115031): Writing out detailed assembly data for power analysis
Info (115030): Assembler is generating device programming files
Error (210006): Can't save or open file C:/Users/Shayna Kapadia/Documents/Documents/School Papers/COLLEGE/Classes/Junior/ECE 385/final/finalproject.sof
Error: Quartus Prime Assembler was unsuccessful. 1 error, 1 warning
    Error: Peak virtual memory: 4731 megabytes
    Error: Processing ended: Thu May 02 16:01:25 2019
    Error: Elapsed time: 00:00:07
    Error: Total CPU time (on all processors): 00:00:06


